model-1604203437,1604203437,in_sample,0.51,0.25
model-1604203437,1604203437,in_sample,0.49,0.2492
model-1604203437,1604203437,in_sample,0.51,0.2477
model-1604203495,1604203495.86,in_sample,0.51,0.2499
model-1604203495,1604203495.904,in_sample,0.51,0.2491
model-1604203495,1604203495.951,in_sample,0.49,0.2498
model-1604203592,1604203592.41,0.51,0.2501,0.56,0.2479
model-1604203592,1604203592.47,0.56,0.2481,0.56,0.2485
model-1604203592,1604203592.53,0.57,0.2463,0.56,0.2468
model-1604203592,1604203592.586,0.56,0.2467,0.56,0.2469
model-1604203592,1604203592.65,0.53,0.2486,0.56,0.2474
model-1604203592,1604203592.708,0.5,0.249,0.44,0.253
model-1604203592,1604203592.773,0.48,0.2515,0.44,0.2507
model-1604203592,1604203592.831,0.49,0.2499,0.56,0.2478
model-1604203592,1604203592.889,0.38,0.2527,0.5,0.2494
model-1604203592,1604203592.946,0.55,0.2492,0.45,0.2519
model-1604203592,1604203593.001,0.41,0.2529,0.55,0.2499
model-1604203592,1604203593.054,0.55,0.2485,0.54,0.2488
model-1604203592,1604203593.111,0.49,0.2493,0.54,0.2482
model-1604203592,1604203593.165,0.5,0.2496,0.54,0.2487
model-1604203592,1604203593.221,0.57,0.249,0.49,0.2501
model-1604203592,1604203593.28,0.52,0.2489,0.49,0.2501
model-1604203592,1604203593.338,0.47,0.2506,0.54,0.2483
model-1604203592,1604203593.406,0.55,0.2482,0.57,0.2472
model-1604203592,1604203593.467,0.63,0.2412,0.56,0.2465
model-1604203592,1604203593.519,0.51,0.2507,0.56,0.2465
model-1604203592,1604203593.574,0.51,0.2511,0.56,0.2463
model-1604203592,1604203593.628,0.52,0.2488,0.56,0.2461
model-1604203592,1604203593.683,0.56,0.2441,0.56,0.2458
model-1604203592,1604203593.74,0.48,0.2493,0.57,0.2456
model-1604203592,1604203593.795,0.55,0.245,0.54,0.2457
model-1604203592,1604203593.848,0.54,0.2449,0.57,0.2458
model-1604203592,1604203593.909,0.6,0.2459,0.53,0.2451
model-1604203592,1604203593.968,0.58,0.2481,0.6,0.2479
model-1604203592,1604203594.026,0.56,0.2464,0.47,0.2544
model-1604203592,1604203594.079,0.55,0.2444,0.48,0.2568
model-1604203592,1604203594.136,0.51,0.2507,0.59,0.2486
model-1604203592,1604203594.187,0.56,0.253,0.5,0.2429
model-1604203592,1604203594.242,0.51,0.2417,0.53,0.2419
model-1604203592,1604203594.294,0.63,0.2347,0.51,0.2409
model-1604203592,1604203594.352,0.57,0.2446,0.53,0.2404
model-1604203592,1604203594.406,0.63,0.2385,0.57,0.2401
model-1604203592,1604203594.467,0.5,0.2576,0.57,0.2426
model-1604203592,1604203594.525,0.52,0.2422,0.49,0.2542
model-1604203592,1604203594.587,0.58,0.2424,0.46,0.2623
model-1604203592,1604203594.642,0.5,0.2473,0.49,0.2589
model-1604203592,1604203594.697,0.55,0.2392,0.51,0.251
model-1604203592,1604203594.749,0.54,0.2469,0.54,0.2483
model-1604203592,1604203594.805,0.69,0.2269,0.52,0.2432
model-1604203592,1604203594.858,0.59,0.2252,0.54,0.2499
model-1604203592,1604203594.914,0.48,0.2545,0.52,0.249
model-1604203592,1604203594.973,0.6,0.2319,0.53,0.2443
model-1604203592,1604203595.03,0.6,0.2274,0.52,0.2442
model-1604203592,1604203595.084,0.6,0.2341,0.53,0.2488
model-1604203592,1604203595.14,0.53,0.2453,0.52,0.2483
model-1604203592,1604203595.193,0.62,0.238,0.5,0.2498
model-1604203592,1604203595.249,0.64,0.2289,0.53,0.2479
model-1604203592,1604203595.302,0.66,0.2263,0.55,0.2469
model-1604203592,1604203595.357,0.57,0.2387,0.56,0.2408
model-1604203592,1604203595.411,0.63,0.2219,0.54,0.2435
model-1604203592,1604203595.467,0.49,0.2703,0.54,0.2418
model-1604203592,1604203595.525,0.55,0.2469,0.5,0.2721
model-1604203592,1604203595.581,0.53,0.2645,0.5,0.2719
model-1604203592,1604203595.637,0.42,0.2826,0.51,0.2511
model-1604203592,1604203595.698,0.6,0.237,0.58,0.2398
model-1604203592,1604203595.755,0.62,0.242,0.59,0.2375
model-1604203592,1604203595.81,0.66,0.2301,0.57,0.2386
model-1604203592,1604203595.862,0.54,0.2403,0.57,0.2403
model-1604203592,1604203595.916,0.5,0.2471,0.59,0.2416
model-1604203592,1604203595.969,0.54,0.2425,0.59,0.2425
model-1604203592,1604203596.024,0.51,0.2419,0.58,0.2428
model-1604203592,1604203596.078,0.55,0.2478,0.59,0.2414
model-1604203592,1604203596.135,0.63,0.2416,0.55,0.2404
model-1604203592,1604203596.188,0.59,0.2408,0.53,0.2411
model-1604203592,1604203596.243,0.53,0.2433,0.53,0.2429
model-1604203592,1604203596.296,0.58,0.2396,0.55,0.2458
model-1604203592,1604203596.355,0.47,0.2507,0.54,0.2461
model-1604203592,1604203596.407,0.54,0.2459,0.54,0.2439
model-1604203592,1604203596.464,0.63,0.2391,0.56,0.2422
model-1604203592,1604203596.516,0.58,0.243,0.55,0.2404
model-1604203592,1604203596.572,0.61,0.2329,0.52,0.2392
model-1604203592,1604203596.625,0.63,0.2349,0.52,0.2386
model-1604203592,1604203596.68,0.61,0.2317,0.53,0.2377
model-1604203592,1604203596.736,0.54,0.2488,0.54,0.2372
model-1604203592,1604203596.792,0.63,0.2351,0.55,0.2362
model-1604203592,1604203596.843,0.76,0.2114,0.55,0.2361
model-1604203592,1604203596.898,0.65,0.226,0.56,0.236
model-1604203592,1604203596.95,0.6,0.227,0.58,0.2326
model-1604203592,1604203597.007,0.62,0.2278,0.65,0.2293
model-1604203592,1604203597.066,0.56,0.2304,0.6,0.2315
model-1604203592,1604203597.122,0.5,0.2841,0.65,0.2288
model-1604203592,1604203597.182,0.65,0.226,0.61,0.2334
model-1604203592,1604203597.243,0.61,0.2235,0.55,0.2457
model-1604203592,1604203597.299,0.66,0.2251,0.61,0.2307
model-1604203592,1604203597.355,0.62,0.223,0.65,0.2258
model-1604203592,1604203597.408,0.62,0.2293,0.6,0.2276
model-1604203592,1604203597.468,0.6,0.2479,0.57,0.2403
model-1604203592,1604203597.525,0.59,0.2343,0.57,0.2413
model-1604203592,1604203597.584,0.61,0.2252,0.56,0.2404
model-1604203592,1604203597.638,0.61,0.2294,0.57,0.2352
model-1604203592,1604203597.701,0.63,0.2249,0.63,0.2258
model-1604203592,1604203597.758,0.63,0.2182,0.65,0.2224
model-1604203592,1604203597.815,0.64,0.2296,0.62,0.2225
model-1604203592,1604203597.87,0.57,0.2382,0.62,0.2222
model-1604203592,1604203597.929,0.56,0.2542,0.64,0.2225
model-1604203592,1604203597.984,0.66,0.2248,0.62,0.2299
model-1604203592,1604203598.045,0.66,0.2186,0.55,0.2568
model-1604203592,1604203598.097,0.59,0.2325,0.52,0.2715
model-1604203592,1604203598.161,0.61,0.2382,0.56,0.2609
model-1604203592,1604203598.222,0.64,0.22,0.55,0.2438
model-1604203592,1604203598.292,0.56,0.2485,0.62,0.2295
model-1604203592,1604203598.346,0.69,0.2153,0.62,0.2266
model-1604203592,1604203598.404,0.64,0.2263,0.62,0.2306
model-1604203592,1604203598.458,0.63,0.2334,0.62,0.2333
model-1604203592,1604203598.522,0.63,0.2328,0.6,0.2312
model-1604203592,1604203598.582,0.67,0.2178,0.62,0.2294
model-1604203592,1604203598.642,0.6,0.2409,0.64,0.2273
model-1604203592,1604203598.699,0.61,0.2425,0.66,0.2282
model-1604203592,1604203598.756,0.61,0.2314,0.6,0.232
model-1604203592,1604203598.809,0.58,0.2409,0.58,0.233
model-1604203592,1604203598.867,0.57,0.2303,0.58,0.2314
model-1604203592,1604203598.92,0.59,0.2282,0.61,0.2283
model-1604203592,1604203598.98,0.56,0.2404,0.62,0.2267
model-1604203592,1604203599.033,0.62,0.2333,0.6,0.2262
model-1604203592,1604203599.096,0.63,0.2215,0.61,0.2257
model-1604203592,1604203599.155,0.62,0.2288,0.62,0.2248
model-1604203592,1604203599.217,0.66,0.232,0.62,0.2241
model-1604203592,1604203599.27,0.67,0.2194,0.64,0.2259
model-1604203592,1604203599.327,0.67,0.2265,0.64,0.2281
model-1604203592,1604203599.38,0.6,0.2351,0.61,0.2308
model-1604203592,1604203599.439,0.65,0.2095,0.58,0.2332
model-1604203592,1604203599.493,0.67,0.2168,0.58,0.2325
model-1604203592,1604203599.553,0.66,0.2143,0.56,0.2345
model-1604203592,1604203599.609,0.57,0.2488,0.58,0.2366
model-1604203592,1604203599.666,0.63,0.2304,0.56,0.2333
model-1604203592,1604203599.721,0.67,0.2071,0.58,0.2379
model-1604203592,1604203599.779,0.58,0.2289,0.56,0.2327
model-1604203592,1604203599.833,0.63,0.2242,0.62,0.2231
model-1604203592,1604203599.89,0.65,0.2199,0.65,0.2256
model-1604203592,1604203599.942,0.53,0.2745,0.66,0.2219
model-1604203592,1604203599.997,0.56,0.2519,0.66,0.216
model-1604203592,1604203600.053,0.6,0.2262,0.67,0.2162
model-1604203592,1604203600.118,0.67,0.2148,0.64,0.2267
model-1604203592,1604203600.178,0.61,0.2286,0.58,0.2342
model-1604203592,1604203600.237,0.6,0.2328,0.6,0.2316
model-1604203592,1604203600.297,0.56,0.2412,0.69,0.2244
model-1604203592,1604203600.357,0.61,0.2412,0.68,0.221
model-1604203592,1604203600.418,0.64,0.234,0.63,0.2206
model-1604203592,1604203600.481,0.66,0.2231,0.68,0.2217
model-1604203592,1604203600.538,0.61,0.2372,0.67,0.2221
model-1604203592,1604203600.626,0.59,0.2532,0.68,0.2209
model-1604203592,1604203600.7,0.7,0.2246,0.68,0.2201
model-1604203592,1604203600.761,0.67,0.2229,0.66,0.2203
model-1604203592,1604203600.825,0.6,0.2295,0.65,0.2217
model-1604203592,1604203600.89,0.59,0.2358,0.63,0.2226
model-1604203592,1604203600.947,0.61,0.2255,0.62,0.2219
model-1604203592,1604203601.002,0.63,0.234,0.62,0.2207
model-1604203592,1604203601.061,0.67,0.22,0.66,0.217
model-1604203592,1604203601.116,0.71,0.2135,0.66,0.2182
model-1604203592,1604203601.169,0.69,0.2089,0.62,0.2198
model-1604203592,1604203601.227,0.66,0.2287,0.59,0.2251
model-1604203592,1604203601.283,0.6,0.2312,0.59,0.2321
model-1604203592,1604203601.338,0.6,0.2277,0.59,0.2311
model-1604203592,1604203601.391,0.66,0.2248,0.59,0.2241
model-1604203592,1604203601.447,0.63,0.2261,0.64,0.221
model-1604203592,1604203601.501,0.65,0.2196,0.68,0.2196
model-1604203592,1604203601.559,0.65,0.2311,0.68,0.2174
model-1604203592,1604203601.62,0.62,0.2183,0.67,0.2147
model-1604203592,1604203601.677,0.66,0.2124,0.63,0.2153
model-1604203592,1604203601.738,0.67,0.2033,0.63,0.222
model-1604203592,1604203601.794,0.62,0.2208,0.63,0.2186
model-1604203592,1604203601.853,0.69,0.2115,0.64,0.2123
model-1604203592,1604203601.914,0.65,0.2261,0.68,0.2078
model-1604203592,1604203601.969,0.67,0.2028,0.67,0.2076
model-1604203592,1604203602.03,0.62,0.2217,0.68,0.2074
model-1604203592,1604203602.086,0.62,0.2286,0.67,0.208
model-1604203592,1604203602.146,0.65,0.2137,0.68,0.2121
model-1604203592,1604203602.202,0.71,0.1935,0.62,0.2205
model-1604203592,1604203602.26,0.67,0.2042,0.61,0.2288
model-1604203592,1604203602.314,0.66,0.2154,0.63,0.2359
model-1604203592,1604203602.369,0.67,0.197,0.62,0.2236
model-1604203592,1604203602.422,0.63,0.2169,0.65,0.2116
model-1604203592,1604203602.478,0.52,0.2639,0.66,0.2122
model-1604203592,1604203602.53,0.66,0.1985,0.63,0.2169
model-1604203592,1604203602.585,0.7,0.2322,0.63,0.2213
model-1604203592,1604203602.638,0.67,0.2148,0.61,0.2253
model-1604203592,1604203602.694,0.61,0.2237,0.62,0.2222
model-1604203592,1604203602.748,0.61,0.2383,0.66,0.218
model-1604203592,1604203602.802,0.69,0.21,0.64,0.215
model-1604203592,1604203602.854,0.64,0.2245,0.66,0.2146
model-1604203592,1604203602.911,0.6,0.2115,0.66,0.2153
model-1604203592,1604203602.968,0.71,0.2024,0.66,0.2153
model-1604203592,1604203603.034,0.59,0.2373,0.66,0.2153
model-1604203592,1604203603.092,0.71,0.2165,0.67,0.2149
model-1604203592,1604203603.147,0.67,0.2121,0.67,0.2132
model-1604203592,1604203603.201,0.61,0.2244,0.69,0.2137
model-1604203592,1604203603.258,0.66,0.2188,0.66,0.2159
model-1604203592,1604203603.311,0.66,0.2071,0.67,0.2158
model-1604203592,1604203603.369,0.71,0.2049,0.72,0.2088
model-1604203592,1604203603.432,0.65,0.2144,0.66,0.204
model-1604203592,1604203603.492,0.64,0.2151,0.68,0.2051
model-1604203592,1604203603.547,0.63,0.2253,0.67,0.2002
model-1604203592,1604203603.602,0.65,0.2233,0.73,0.2033
model-1604203592,1604203603.655,0.67,0.2049,0.64,0.2176
model-1604203592,1604203603.712,0.65,0.2112,0.63,0.2215
model-1604203592,1604203603.765,0.6,0.2447,0.67,0.2112
model-1604203592,1604203603.823,0.62,0.2334,0.67,0.2114
model-1604203592,1604203603.877,0.65,0.214,0.65,0.2046
model-1604203592,1604203603.934,0.64,0.2197,0.7,0.1998
model-1604203592,1604203603.989,0.68,0.206,0.68,0.2037
model-1604203592,1604203604.044,0.67,0.2115,0.71,0.2016
model-1604203592,1604203604.098,0.63,0.2209,0.67,0.2003
model-1604203592,1604203604.153,0.65,0.2308,0.71,0.2024
model-1604203592,1604203604.205,0.7,0.1979,0.7,0.2034
model-1604203592,1604203604.262,0.6,0.2201,0.71,0.2048
model-1604203592,1604203604.315,0.57,0.2366,0.67,0.2076
model-1604203592,1604203604.371,0.65,0.2208,0.65,0.2154
model-1604203592,1604203604.425,0.67,0.2087,0.6,0.2224
model-1604203592,1604203604.483,0.74,0.2008,0.58,0.2348
model-1604203592,1604203604.537,0.53,0.2411,0.59,0.2368
model-1604203592,1604203604.592,0.65,0.2102,0.59,0.2321
model-1604203592,1604203604.648,0.72,0.1943,0.59,0.2266
model-1604203592,1604203604.71,0.58,0.2498,0.68,0.213
model-1604203592,1604203604.765,0.7,0.1975,0.71,0.208
model-1604203592,1604203604.822,0.68,0.2225,0.7,0.2075
model-1604203592,1604203604.876,0.71,0.1932,0.66,0.2113
model-1604203592,1604203604.938,0.7,0.2061,0.61,0.2221
model-1604203592,1604203604.994,0.59,0.2346,0.58,0.2354
model-1604203592,1604203605.05,0.67,0.2112,0.55,0.2399
model-1604203592,1604203605.102,0.55,0.2357,0.61,0.2222
model-1604203592,1604203605.141,0.6,0.2432,0.7,0.203
model-1604203592,1604203605.202,0.68,0.2117,0.69,0.209
model-1604203592,1604203605.257,0.68,0.2128,0.65,0.2164
model-1604203592,1604203605.313,0.68,0.2162,0.65,0.2163
model-1604203592,1604203605.37,0.61,0.2138,0.69,0.209
model-1604203592,1604203605.426,0.64,0.2346,0.72,0.2014
model-1604203592,1604203605.498,0.62,0.2268,0.69,0.2029
model-1604203592,1604203605.555,0.65,0.221,0.67,0.2097
model-1604203592,1604203605.616,0.66,0.2183,0.67,0.2136
model-1604203592,1604203605.673,0.68,0.2037,0.65,0.2183
model-1604203592,1604203605.73,0.63,0.2239,0.65,0.2144
model-1604203592,1604203605.791,0.62,0.2333,0.69,0.2028
model-1604203592,1604203605.845,0.72,0.2011,0.7,0.199
model-1604203592,1604203605.916,0.66,0.2227,0.7,0.2014
model-1604203592,1604203605.974,0.6,0.2272,0.7,0.2023
model-1604203592,1604203606.036,0.67,0.2359,0.69,0.2015
model-1604203592,1604203606.098,0.63,0.216,0.7,0.2027
model-1604203592,1604203606.16,0.61,0.2162,0.69,0.2062
model-1604203592,1604203606.215,0.7,0.2038,0.69,0.2077
model-1604203592,1604203606.277,0.77,0.1715,0.69,0.2058
model-1604203592,1604203606.331,0.64,0.2255,0.68,0.2044
model-1604203592,1604203606.39,0.69,0.2036,0.69,0.2026
model-1604203592,1604203606.446,0.68,0.1998,0.68,0.2016
model-1604203592,1604203606.509,0.76,0.1817,0.67,0.2025
model-1604203592,1604203606.566,0.59,0.2253,0.68,0.2007
model-1604203592,1604203606.626,0.65,0.203,0.68,0.2007
model-1604203592,1604203606.678,0.69,0.2075,0.66,0.2016
model-1604203592,1604203606.732,0.65,0.215,0.69,0.1986
model-1604203592,1604203606.785,0.71,0.1851,0.69,0.1965
model-1604203592,1604203606.89,0.61,0.2295,0.7,0.1937
model-1604203592,1604203606.951,0.7,0.2013,0.71,0.1922
model-1604203592,1604203607.008,0.73,0.185,0.7,0.1924
model-1604203592,1604203607.062,0.57,0.2358,0.7,0.1932
model-1604203592,1604203607.121,0.67,0.186,0.69,0.1934
model-1604203592,1604203607.18,0.73,0.187,0.72,0.1909
model-1604203592,1604203607.235,0.66,0.2253,0.72,0.1908
model-1604203592,1604203607.293,0.66,0.2119,0.73,0.1932
model-1604203592,1604203607.348,0.6,0.2242,0.71,0.1901
model-1604203592,1604203607.401,0.66,0.2184,0.7,0.1968
model-1604203592,1604203607.461,0.74,0.1905,0.66,0.2111
model-1604203592,1604203607.521,0.7,0.2007,0.69,0.2063
model-1604203592,1604203607.581,0.69,0.1998,0.66,0.1999
model-1604203592,1604203607.637,0.67,0.2148,0.68,0.2006
model-1604203592,1604203607.694,0.66,0.1959,0.7,0.2
model-1604203592,1604203607.75,0.8,0.1608,0.7,0.2017
model-1604203592,1604203607.805,0.56,0.2515,0.67,0.2022
model-1604203592,1604203607.864,0.7,0.1899,0.69,0.2061
model-1604203592,1604203607.919,0.68,0.1905,0.7,0.2079
model-1604203592,1604203607.973,0.64,0.2068,0.69,0.2049
model-1604203592,1604203608.032,0.69,0.2105,0.66,0.2049
model-1604203592,1604203608.085,0.64,0.2097,0.67,0.2138
model-1604203592,1604203608.14,0.76,0.1863,0.6,0.2299
model-1604203592,1604203608.193,0.73,0.1904,0.6,0.2351
model-1604203592,1604203608.25,0.67,0.2164,0.65,0.2154
model-1604203592,1604203608.303,0.65,0.2124,0.69,0.2037
model-1604203592,1604203608.364,0.63,0.2295,0.71,0.2057
model-1604203592,1604203608.422,0.57,0.2546,0.71,0.2009
model-1604203592,1604203608.479,0.7,0.1887,0.72,0.1978
model-1604203592,1604203608.537,0.65,0.2178,0.72,0.1967
model-1604203592,1604203608.601,0.72,0.2076,0.71,0.1959
model-1604203592,1604203608.663,0.7,0.2017,0.71,0.194
model-1604203592,1604203608.719,0.77,0.177,0.72,0.1928
model-1604203592,1604203608.772,0.71,0.2007,0.7,0.1912
model-1604203592,1604203608.828,0.71,0.1896,0.73,0.1899
model-1604203592,1604203608.881,0.63,0.237,0.73,0.1909
model-1604203592,1604203608.942,0.68,0.2068,0.73,0.1904
model-1604203592,1604203609.0,0.64,0.2156,0.73,0.1878
model-1604203592,1604203609.055,0.71,0.1871,0.7,0.1882
model-1604203592,1604203609.107,0.59,0.2268,0.69,0.1924
model-1604203592,1604203609.162,0.55,0.2624,0.68,0.1918
model-1604203592,1604203609.218,0.71,0.1925,0.71,0.1915
model-1604203592,1604203609.274,0.64,0.2188,0.72,0.1929
model-1604203592,1604203609.326,0.65,0.2129,0.72,0.201
model-1604203592,1604203609.385,0.59,0.2229,0.7,0.2042
model-1604203592,1604203609.437,0.61,0.2279,0.69,0.2054
model-1604203592,1604203609.497,0.73,0.2015,0.68,0.2082
model-1604203592,1604203609.555,0.69,0.1962,0.64,0.2153
model-1604203592,1604203609.611,0.69,0.2156,0.63,0.2187
model-1604203592,1604203609.664,0.63,0.2318,0.62,0.2154
model-1604203592,1604203609.727,0.66,0.1967,0.65,0.2076
model-1604203592,1604203609.779,0.8,0.1756,0.66,0.2036
model-1604203592,1604203609.835,0.71,0.1951,0.68,0.1983
model-1604203592,1604203609.887,0.73,0.19,0.69,0.1954
model-1604203592,1604203609.942,0.71,0.1971,0.69,0.1948
model-1604203592,1604203609.995,0.7,0.1887,0.67,0.1943
model-1604203592,1604203610.053,0.59,0.2583,0.69,0.1929
model-1604203592,1604203610.106,0.69,0.1938,0.69,0.1933
model-1604203592,1604203610.169,0.7,0.1858,0.69,0.1967
model-1604203592,1604203610.227,0.73,0.189,0.69,0.1942
model-1604203592,1604203610.286,0.75,0.1906,0.69,0.1941
model-1604203592,1604203610.337,0.72,0.1926,0.69,0.1966
model-1604203592,1604203610.393,0.63,0.226,0.65,0.2064
model-1604203592,1604203610.445,0.68,0.2097,0.65,0.2057
model-1604203592,1604203610.504,0.65,0.2199,0.64,0.2099
model-1604203592,1604203610.557,0.68,0.2141,0.65,0.2065
model-1604203592,1604203610.614,0.72,0.195,0.67,0.1949
model-1604203592,1604203610.666,0.73,0.1897,0.69,0.1929
model-1604203592,1604203610.721,0.72,0.2101,0.7,0.1911
model-1604203592,1604203610.774,0.63,0.2226,0.7,0.1895
model-1604203592,1604203610.83,0.6,0.2438,0.69,0.1921
model-1604203592,1604203610.889,0.75,0.1747,0.65,0.2061
model-1604203592,1604203610.945,0.72,0.1997,0.63,0.2332
model-1604203592,1604203610.997,0.67,0.2148,0.62,0.2237
model-1604203592,1604203611.065,0.73,0.1989,0.7,0.1963
model-1604203592,1604203611.122,0.73,0.1949,0.72,0.1901
model-1604203592,1604203611.177,0.66,0.2201,0.72,0.1928
model-1604203592,1604203611.23,0.68,0.2024,0.7,0.1945
model-1604203592,1604203611.286,0.73,0.1912,0.69,0.1965
model-1604203592,1604203611.339,0.68,0.2071,0.62,0.1996
model-1604203592,1604203611.4,0.72,0.197,0.64,0.2031
model-1604203592,1604203611.457,0.68,0.2109,0.62,0.2039
model-1604203592,1604203611.514,0.57,0.2327,0.66,0.2055
model-1604203592,1604203611.566,0.64,0.2117,0.65,0.2074
model-1604203592,1604203611.623,0.65,0.2117,0.65,0.2076
model-1604203592,1604203611.674,0.69,0.2089,0.65,0.2065
model-1604203592,1604203611.731,0.72,0.1917,0.65,0.2075
model-1604203592,1604203611.783,0.72,0.1884,0.68,0.2055
model-1604203592,1604203611.838,0.68,0.2067,0.7,0.2
model-1604203592,1604203611.89,0.66,0.2249,0.69,0.1959
model-1604203592,1604203611.944,0.71,0.1906,0.72,0.1921
model-1604203592,1604203612.001,0.75,0.1918,0.71,0.1881
model-1604203592,1604203612.057,0.76,0.1722,0.73,0.1883
model-1604203592,1604203612.11,0.63,0.2026,0.71,0.1893
model-1604203592,1604203612.167,0.68,0.204,0.72,0.1855
model-1604203592,1604203612.219,0.68,0.209,0.75,0.1859
model-1604203592,1604203612.275,0.84,0.1576,0.73,0.1875
model-1604203592,1604203612.328,0.74,0.1765,0.73,0.1901
model-1604203592,1604203612.386,0.72,0.1849,0.7,0.1939
model-1604203592,1604203612.438,0.72,0.2062,0.64,0.1986
model-1604203592,1604203612.494,0.7,0.189,0.69,0.195
model-1604203592,1604203612.547,0.7,0.1843,0.65,0.2
model-1604203592,1604203612.614,0.73,0.1805,0.67,0.1944
model-1604203592,1604203612.666,0.7,0.1883,0.7,0.1935
model-1604203592,1604203612.723,0.69,0.192,0.68,0.2093
model-1604203592,1604203612.78,0.54,0.295,0.73,0.1943
model-1604203592,1604203612.838,0.64,0.2201,0.7,0.1842
model-1604203592,1604203612.891,0.67,0.1815,0.68,0.2009
model-1604203592,1604203612.952,0.67,0.2041,0.68,0.2184
model-1604203592,1604203613.005,0.61,0.2386,0.69,0.1953
model-1604203592,1604203613.062,0.7,0.2045,0.73,0.1804
model-1604203592,1604203613.115,0.74,0.1816,0.67,0.1981
model-1604203592,1604203613.17,0.56,0.2528,0.65,0.2068
model-1604203592,1604203613.224,0.65,0.2174,0.67,0.2052
model-1604203592,1604203613.28,0.68,0.2103,0.67,0.1972
model-1604203592,1604203613.333,0.64,0.2144,0.71,0.1922
model-1604203592,1604203613.389,0.67,0.2138,0.66,0.2001
model-1604203592,1604203613.44,0.74,0.1847,0.64,0.2154
model-1604203592,1604203613.501,0.66,0.2161,0.63,0.2184
model-1604203592,1604203613.553,0.64,0.2169,0.68,0.2107
model-1604203592,1604203613.615,0.65,0.2168,0.64,0.1982
model-1604203592,1604203613.669,0.64,0.2314,0.75,0.1923
model-1604203592,1604203613.726,0.71,0.1935,0.7,0.1924
model-1604203592,1604203613.779,0.71,0.1906,0.71,0.199
model-1604203592,1604203613.834,0.62,0.2174,0.71,0.1991
model-1604203592,1604203613.886,0.67,0.2033,0.72,0.196
model-1604203592,1604203613.942,0.63,0.22,0.73,0.1925
model-1604203592,1604203613.996,0.64,0.2151,0.71,0.1923
model-1604203592,1604203614.052,0.69,0.2053,0.69,0.196
model-1604203592,1604203614.106,0.68,0.2014,0.68,0.2003
model-1604203592,1604203614.161,0.7,0.2134,0.67,0.2019
model-1604203592,1604203614.214,0.73,0.1939,0.69,0.1991
model-1604203592,1604203614.269,0.69,0.215,0.66,0.1961
model-1604203592,1604203614.323,0.72,0.1864,0.7,0.1966
model-1604203592,1604203614.378,0.71,0.2026,0.73,0.1979
model-1604203592,1604203614.43,0.63,0.2063,0.72,0.1963
model-1604203592,1604203614.488,0.74,0.1842,0.73,0.1939
model-1604203592,1604203614.541,0.69,0.2037,0.69,0.1897
model-1604203592,1604203614.597,0.7,0.1953,0.71,0.1884
model-1604203592,1604203614.651,0.72,0.184,0.7,0.1897
model-1604203592,1604203614.712,0.71,0.1849,0.71,0.1916
model-1604203592,1604203614.768,0.69,0.2059,0.71,0.1868
model-1604203592,1604203614.823,0.67,0.1981,0.69,0.1838
model-1604203592,1604203614.876,0.71,0.1621,0.7,0.1845
model-1604203592,1604203614.931,0.81,0.1589,0.7,0.1833
model-1604203592,1604203614.986,0.68,0.2011,0.71,0.1833
model-1604203592,1604203615.049,0.8,0.1454,0.69,0.1865
model-1604203592,1604203615.104,0.69,0.1836,0.72,0.1857
model-1604203592,1604203615.166,0.63,0.2322,0.7,0.1929
model-1604203592,1604203615.229,0.71,0.1763,0.68,0.1951
model-1604203592,1604203615.29,0.67,0.2243,0.7,0.1898
model-1604203592,1604203615.35,0.69,0.2038,0.72,0.1868
model-1604203592,1604203615.41,0.7,0.1873,0.71,0.186
model-1604203592,1604203615.467,0.65,0.212,0.71,0.1788
model-1604203592,1604203615.523,0.69,0.1886,0.71,0.1808
model-1604203592,1604203615.576,0.68,0.2043,0.69,0.1973
model-1604203592,1604203615.637,0.64,0.2137,0.71,0.1862
model-1604203592,1604203615.69,0.67,0.2036,0.71,0.1749
model-1604203592,1604203615.748,0.6,0.2198,0.7,0.188
model-1604203592,1604203615.806,0.71,0.1909,0.71,0.1865
model-1604203592,1604203615.867,0.76,0.1719,0.71,0.1806
model-1604203592,1604203615.923,0.69,0.2268,0.75,0.1761
model-1604203592,1604203615.981,0.67,0.2156,0.71,0.1837
model-1604203592,1604203616.037,0.73,0.1775,0.68,0.1901
model-1604203592,1604203616.098,0.73,0.2005,0.69,0.1841
model-1604203592,1604203616.152,0.66,0.2015,0.75,0.1728
model-1604203592,1604203616.21,0.7,0.1856,0.74,0.1752
model-1604203592,1604203616.267,0.74,0.1827,0.75,0.1729
model-1604203592,1604203616.324,0.7,0.1977,0.71,0.1688
model-1604203592,1604203616.376,0.76,0.1761,0.72,0.1704
model-1604203592,1604203616.436,0.68,0.1855,0.75,0.1746
model-1604203592,1604203616.488,0.62,0.2277,0.75,0.1744
model-1604203592,1604203616.548,0.64,0.2288,0.75,0.176
model-1604203592,1604203616.606,0.68,0.2009,0.73,0.1698
model-1604203592,1604203616.661,0.75,0.1679,0.72,0.1664
model-1604203592,1604203616.714,0.71,0.1818,0.75,0.171
model-1604203592,1604203616.773,0.71,0.1781,0.75,0.1715
model-1604203592,1604203616.826,0.68,0.2049,0.75,0.1701
model-1604203592,1604203616.881,0.7,0.2019,0.74,0.17
model-1604203592,1604203616.934,0.75,0.1647,0.74,0.1717
model-1604203592,1604203616.989,0.67,0.1933,0.72,0.173
model-1604203592,1604203617.042,0.73,0.1975,0.73,0.1756
model-1604203592,1604203617.098,0.74,0.1664,0.73,0.1792
model-1604203592,1604203617.151,0.72,0.1721,0.73,0.1824
model-1604203592,1604203617.206,0.78,0.1774,0.74,0.1895
model-1604203592,1604203617.259,0.67,0.2159,0.74,0.1886
model-1604203592,1604203617.315,0.76,0.1729,0.74,0.1876
model-1604203592,1604203617.37,0.78,0.1557,0.72,0.1862
model-1604203592,1604203617.426,0.64,0.2217,0.76,0.1757
model-1604203592,1604203617.478,0.78,0.1588,0.75,0.1737
model-1604203592,1604203617.54,0.72,0.2065,0.76,0.1711
model-1604203592,1604203617.593,0.8,0.1516,0.75,0.1776
model-1604203592,1604203617.648,0.73,0.1779,0.7,0.1937
model-1604203592,1604203617.701,0.69,0.217,0.67,0.1988
model-1604203592,1604203617.757,0.75,0.1838,0.71,0.1895
model-1604203592,1604203617.81,0.67,0.2019,0.75,0.1761
model-1604203592,1604203617.85,0.69,0.1984,0.71,0.1838
model-1604203592,1604203617.911,0.71,0.1914,0.72,0.1922
model-1604203592,1604203617.963,0.76,0.1842,0.74,0.1789
model-1604203592,1604203618.018,0.73,0.1744,0.72,0.1663
model-1604203592,1604203618.071,0.77,0.1732,0.74,0.1638
model-1604203592,1604203618.134,0.73,0.1922,0.74,0.1645
model-1604203592,1604203618.19,0.65,0.2167,0.74,0.1653
model-1604203592,1604203618.251,0.72,0.1786,0.74,0.1661
model-1604203592,1604203618.313,0.68,0.2033,0.76,0.1665
model-1604203592,1604203618.369,0.67,0.2055,0.71,0.1685
model-1604203592,1604203618.421,0.75,0.174,0.73,0.1725
model-1604203592,1604203618.476,0.67,0.2108,0.71,0.1722
model-1604203592,1604203618.529,0.75,0.1693,0.72,0.1726
model-1604203592,1604203618.585,0.67,0.202,0.73,0.1732
model-1604203592,1604203618.637,0.73,0.1874,0.74,0.1745
model-1604203592,1604203618.692,0.69,0.2058,0.75,0.1767
model-1604203592,1604203618.744,0.77,0.1653,0.73,0.1791
model-1604203592,1604203618.801,0.6,0.2091,0.75,0.175
model-1604203592,1604203618.854,0.7,0.1863,0.73,0.1737
model-1604203592,1604203618.912,0.85,0.1345,0.72,0.1778
model-1604203592,1604203618.97,0.66,0.1957,0.74,0.1788
model-1604203592,1604203619.025,0.76,0.179,0.73,0.1752
model-1604203592,1604203619.078,0.71,0.186,0.73,0.1683
model-1604203592,1604203619.135,0.76,0.1611,0.72,0.166
model-1604203592,1604203619.187,0.69,0.211,0.74,0.1664
model-1604203592,1604203619.243,0.77,0.1606,0.75,0.1655
model-1604203592,1604203619.295,0.8,0.1597,0.74,0.1626
model-1604203592,1604203619.35,0.67,0.1956,0.75,0.1635
model-1604203592,1604203619.402,0.79,0.1517,0.74,0.1628
model-1604203592,1604203619.457,0.67,0.2085,0.76,0.1623
model-1604203592,1604203619.51,0.71,0.1897,0.76,0.1642
model-1604203592,1604203619.566,0.79,0.1517,0.77,0.168
model-1604203592,1604203619.618,0.67,0.2031,0.74,0.1687
model-1604203592,1604203619.674,0.73,0.1633,0.78,0.1645
model-1604203592,1604203619.728,0.81,0.1462,0.8,0.1659
model-1604203592,1604203619.785,0.79,0.1693,0.78,0.1707
model-1604203592,1604203619.837,0.7,0.205,0.77,0.1699
model-1604203592,1604203619.893,0.71,0.1805,0.78,0.1652
model-1604203592,1604203619.949,0.71,0.1723,0.7,0.1796
model-1604203592,1604203620.006,0.76,0.1554,0.71,0.1921
model-1604203592,1604203620.061,0.72,0.1864,0.73,0.1742
model-1604203592,1604203620.115,0.77,0.1626,0.75,0.167
model-1604203592,1604203620.167,0.69,0.1903,0.77,0.1683
model-1604203592,1604203620.222,0.73,0.1884,0.77,0.1687
model-1604203592,1604203620.274,0.78,0.1592,0.78,0.1676
model-1604203592,1604203620.333,0.65,0.2203,0.8,0.1661
model-1604203592,1604203620.386,0.77,0.1676,0.78,0.1653
model-1604203592,1604203620.441,0.72,0.1856,0.77,0.1658
model-1604203592,1604203620.492,0.76,0.1616,0.77,0.1678
model-1604203592,1604203620.549,0.73,0.1853,0.78,0.1718
model-1604203592,1604203620.602,0.64,0.2094,0.77,0.1677
model-1604203592,1604203620.658,0.78,0.1612,0.74,0.1787
model-1604203592,1604203620.709,0.8,0.1615,0.7,0.1946
model-1604203592,1604203620.765,0.74,0.1869,0.74,0.185
model-1604203592,1604203620.816,0.73,0.1754,0.77,0.1702
model-1604203592,1604203620.876,0.7,0.2011,0.77,0.173
model-1604203592,1604203620.932,0.65,0.2362,0.76,0.1678
model-1604203592,1604203620.987,0.75,0.1515,0.75,0.165
model-1604203592,1604203621.039,0.75,0.1949,0.74,0.1632
model-1604203592,1604203621.093,0.74,0.1899,0.77,0.1611
model-1604203592,1604203621.145,0.79,0.1698,0.78,0.1598
model-1604203592,1604203621.2,0.81,0.1464,0.77,0.1591
model-1604203592,1604203621.253,0.67,0.192,0.76,0.1603
model-1604203592,1604203621.309,0.74,0.163,0.77,0.1604
model-1604203592,1604203621.36,0.73,0.1937,0.76,0.1616
model-1604203592,1604203621.42,0.73,0.1823,0.76,0.1615
model-1604203592,1604203621.473,0.68,0.1801,0.76,0.1616
model-1604203592,1604203621.529,0.76,0.1576,0.73,0.1625
model-1604203592,1604203621.586,0.63,0.2074,0.77,0.1666
model-1604203592,1604203621.641,0.64,0.2325,0.76,0.166
model-1604203592,1604203621.694,0.74,0.1797,0.76,0.166
model-1604203592,1604203621.75,0.72,0.1785,0.77,0.1687
model-1604203592,1604203621.802,0.73,0.1809,0.71,0.1757
model-1604203592,1604203621.856,0.7,0.1965,0.78,0.1706
model-1604203592,1604203621.907,0.73,0.1728,0.73,0.1847
model-1604203592,1604203621.963,0.77,0.1798,0.63,0.2109
model-1604203592,1604203622.014,0.73,0.1825,0.62,0.211
model-1604203592,1604203622.07,0.64,0.2118,0.73,0.184
model-1604203592,1604203622.121,0.65,0.2165,0.74,0.1831
model-1604203592,1604203622.181,0.75,0.1849,0.7,0.193
model-1604203592,1604203622.236,0.7,0.1992,0.74,0.1802
model-1604203592,1604203622.292,0.75,0.1732,0.74,0.1746
model-1604203592,1604203622.346,0.79,0.1509,0.69,0.1818
model-1604203592,1604203622.403,0.71,0.1895,0.69,0.1886
model-1604203592,1604203622.454,0.75,0.1833,0.69,0.1795
model-1604203592,1604203622.51,0.63,0.2418,0.7,0.1732
model-1604203592,1604203622.564,0.79,0.1608,0.73,0.1724
model-1604203592,1604203622.625,0.74,0.1672,0.74,0.1753
model-1604203592,1604203622.676,0.78,0.1609,0.76,0.1774
model-1604203592,1604203622.736,0.7,0.1824,0.72,0.1727
model-1604203592,1604203622.788,0.73,0.1695,0.77,0.169
model-1604203592,1604203622.844,0.74,0.1854,0.73,0.1738
model-1604203592,1604203622.896,0.67,0.1987,0.71,0.1792
model-1604203592,1604203622.957,0.73,0.187,0.71,0.1827
model-1604203592,1604203623.013,0.69,0.1948,0.71,0.1813
model-1604203592,1604203623.068,0.75,0.1848,0.76,0.173
model-1604203592,1604203623.121,0.7,0.181,0.74,0.17
model-1604203592,1604203623.176,0.71,0.1844,0.75,0.1697
model-1604203592,1604203623.229,0.66,0.2065,0.76,0.1683
model-1604203592,1604203623.283,0.63,0.2209,0.78,0.1646
model-1604203592,1604203623.335,0.77,0.1748,0.77,0.1653
model-1604203592,1604203623.392,0.71,0.1875,0.72,0.179
model-1604203592,1604203623.444,0.74,0.1671,0.72,0.1855
model-1604203592,1604203623.498,0.75,0.1708,0.72,0.1776
model-1604203592,1604203623.553,0.77,0.1693,0.71,0.1668
model-1604203592,1604203623.609,0.78,0.1694,0.8,0.1605
model-1604203592,1604203623.667,0.77,0.1606,0.8,0.1593
model-1604203592,1604203623.725,0.76,0.1584,0.78,0.1641
model-1604203592,1604203623.777,0.73,0.1867,0.78,0.1676
model-1604203592,1604203623.835,0.74,0.1763,0.77,0.1638
model-1604203592,1604203623.887,0.74,0.1591,0.78,0.1621
model-1604203592,1604203623.949,0.64,0.211,0.75,0.1647
model-1604203592,1604203624.005,0.74,0.1796,0.74,0.1725
model-1604203592,1604203624.061,0.75,0.1893,0.74,0.1772
model-1604203592,1604203624.113,0.7,0.2039,0.73,0.1722
model-1604203592,1604203624.168,0.75,0.1522,0.77,0.1677
model-1604203592,1604203624.219,0.78,0.1503,0.75,0.1698
model-1604203592,1604203624.279,0.72,0.165,0.74,0.1731
model-1604203592,1604203624.331,0.66,0.2081,0.76,0.1681
model-1604203592,1604203624.387,0.81,0.1473,0.79,0.1648
model-1604203592,1604203624.44,0.81,0.1537,0.78,0.1627
model-1604203592,1604203624.496,0.81,0.1455,0.75,0.1656
model-1604203592,1604203624.555,0.75,0.1756,0.73,0.1691
model-1604203592,1604203624.616,0.74,0.1745,0.74,0.1661
model-1604203592,1604203624.67,0.7,0.1875,0.77,0.1625
model-1604203592,1604203624.73,0.87,0.1205,0.77,0.1619
model-1604203592,1604203624.784,0.78,0.1529,0.75,0.1671
model-1604203592,1604203624.842,0.79,0.1624,0.75,0.1677
model-1604203592,1604203624.895,0.73,0.1727,0.75,0.1652
model-1604203592,1604203624.953,0.8,0.1512,0.75,0.1671
model-1604203592,1604203625.005,0.75,0.1517,0.74,0.1759
model-1604203592,1604203625.06,0.72,0.1705,0.75,0.1745
model-1604203592,1604203625.112,0.72,0.1801,0.74,0.1692
model-1604203592,1604203625.17,0.72,0.1734,0.73,0.1914
model-1604203592,1604203625.223,0.63,0.2681,0.72,0.1969
model-1604203592,1604203625.283,0.68,0.2169,0.77,0.1786
model-1604203592,1604203625.341,0.7,0.1827,0.77,0.1639
model-1604203592,1604203625.396,0.72,0.2056,0.72,0.1767
model-1604203592,1604203625.447,0.74,0.1809,0.7,0.1811
model-1604203592,1604203625.501,0.72,0.1942,0.75,0.17
model-1604203592,1604203625.554,0.77,0.1705,0.76,0.16
model-1604203592,1604203625.612,0.65,0.2098,0.77,0.1639
model-1604203592,1604203625.663,0.7,0.1834,0.77,0.168
model-1604203592,1604203625.722,0.75,0.1898,0.75,0.1648
model-1604203592,1604203625.775,0.77,0.1681,0.74,0.1593
model-1604203592,1604203625.83,0.77,0.1753,0.78,0.1604
model-1604203592,1604203625.882,0.78,0.1523,0.78,0.1644
model-1604203592,1604203625.935,0.72,0.1647,0.78,0.1642
model-1604203592,1604203625.987,0.72,0.1619,0.76,0.1617
model-1604203592,1604203626.047,0.71,0.1784,0.79,0.1606
model-1604203592,1604203626.104,0.71,0.2029,0.79,0.164
model-1604203592,1604203626.16,0.77,0.17,0.77,0.1673
model-1604203592,1604203626.212,0.82,0.1575,0.76,0.1723
model-1604203592,1604203626.268,0.69,0.1792,0.76,0.1659
model-1604203592,1604203626.32,0.77,0.18,0.77,0.1606
model-1604203592,1604203626.376,0.75,0.1829,0.77,0.1625
model-1604203592,1604203626.428,0.74,0.1761,0.75,0.1724
model-1604203592,1604203626.486,0.71,0.2037,0.71,0.1801
model-1604203592,1604203626.543,0.7,0.1955,0.74,0.1731
model-1604203592,1604203626.6,0.75,0.187,0.76,0.1641
model-1604203592,1604203626.653,0.81,0.1415,0.77,0.1656
model-1604203592,1604203626.714,0.76,0.1775,0.73,0.1809
model-1604203592,1604203626.771,0.76,0.167,0.69,0.1937
model-1604203592,1604203626.83,0.65,0.2224,0.69,0.1875
model-1604203592,1604203626.882,0.7,0.1871,0.75,0.1736
model-1604203592,1604203626.938,0.79,0.1584,0.79,0.1663
model-1604203592,1604203626.989,0.76,0.1708,0.77,0.1679
model-1604203592,1604203627.045,0.78,0.1604,0.72,0.1769
model-1604203592,1604203627.097,0.75,0.1882,0.75,0.1813
model-1604203592,1604203627.151,0.75,0.1706,0.74,0.1777
model-1604203592,1604203627.203,0.73,0.1962,0.75,0.1689
model-1604203592,1604203627.259,0.73,0.1782,0.78,0.1641
model-1604203592,1604203627.311,0.81,0.1364,0.75,0.1662
model-1604203592,1604203627.369,0.83,0.1394,0.76,0.1683
model-1604203592,1604203627.421,0.71,0.1857,0.76,0.1665
model-1604203592,1604203627.478,0.8,0.1391,0.76,0.1627
model-1604203592,1604203627.53,0.76,0.1622,0.76,0.1612
model-1604203592,1604203627.591,0.64,0.216,0.74,0.1679
model-1604203592,1604203627.643,0.8,0.1391,0.74,0.1803
model-1604203592,1604203627.698,0.66,0.2008,0.72,0.1834
model-1604203592,1604203627.751,0.73,0.1851,0.74,0.1754
model-1604203592,1604203627.806,0.73,0.1701,0.77,0.164
model-1604203592,1604203627.861,0.74,0.1711,0.77,0.1687
model-1604203592,1604203627.92,0.74,0.1633,0.74,0.1744
model-1604203592,1604203627.976,0.69,0.2241,0.8,0.1613
model-1604203592,1604203628.032,0.72,0.1831,0.74,0.1622
model-1604203592,1604203628.085,0.74,0.1817,0.75,0.1661
model-1604203592,1604203628.141,0.8,0.1664,0.77,0.1656
model-1604203592,1604203628.193,0.76,0.1617,0.77,0.1629
model-1604203592,1604203628.249,0.74,0.1614,0.77,0.1577
model-1604203592,1604203628.303,0.74,0.1716,0.78,0.1577
model-1604203592,1604203628.358,0.7,0.1845,0.77,0.1586
model-1604203592,1604203628.411,0.71,0.1677,0.78,0.1574
model-1604203592,1604203628.466,0.74,0.1843,0.78,0.1568
model-1604203592,1604203628.519,0.78,0.1518,0.77,0.1559
model-1604203592,1604203628.574,0.81,0.1377,0.78,0.1545
model-1604203592,1604203628.627,0.8,0.1432,0.77,0.1545
model-1604203592,1604203628.682,0.77,0.1547,0.77,0.1553
model-1604203592,1604203628.734,0.81,0.1436,0.76,0.1545
model-1604203592,1604203628.789,0.74,0.1569,0.78,0.1537
model-1604203592,1604203628.841,0.7,0.1855,0.78,0.1561
model-1604203592,1604203628.902,0.69,0.2045,0.79,0.1557
model-1604203592,1604203628.954,0.79,0.1719,0.78,0.1558
model-1604203592,1604203629.009,0.8,0.1361,0.77,0.1563
model-1604203592,1604203629.063,0.77,0.1601,0.77,0.1559
model-1604203592,1604203629.119,0.8,0.1526,0.77,0.1558
model-1604203592,1604203629.177,0.74,0.1856,0.77,0.1569
model-1604203592,1604203629.232,0.73,0.1791,0.77,0.1601
model-1604203592,1604203629.284,0.79,0.1402,0.77,0.1635
model-1604203592,1604203629.34,0.73,0.18,0.76,0.1648
model-1604203592,1604203629.392,0.74,0.1796,0.79,0.1599
model-1604203592,1604203629.447,0.79,0.1381,0.78,0.166
model-1604203592,1604203629.499,0.71,0.1717,0.74,0.1825
model-1604203592,1604203629.56,0.78,0.1511,0.73,0.189
model-1604203592,1604203629.611,0.7,0.207,0.76,0.1741
model-1604203592,1604203629.665,0.82,0.1444,0.78,0.1652
model-1604203592,1604203629.72,0.82,0.1353,0.8,0.1628
model-1604203592,1604203629.775,0.76,0.1659,0.77,0.164
model-1604203592,1604203629.83,0.77,0.1497,0.79,0.1624
model-1604203592,1604203629.884,0.74,0.1874,0.8,0.1578
model-1604203592,1604203629.936,0.84,0.1298,0.75,0.1724
model-1604203592,1604203629.991,0.76,0.1721,0.69,0.1881
model-1604203592,1604203630.044,0.77,0.2006,0.69,0.1892
model-1604203592,1604203630.099,0.77,0.1718,0.75,0.1708
model-1604203592,1604203630.152,0.7,0.1839,0.79,0.1548
model-1604203592,1604203630.196,0.75,0.1779,0.77,0.1703
